<?xml version="1.0" encoding="UTF-8"?>
<testng-results ignored="0" total="2" passed="2" failed="0" skipped="0">
  <reporter-output>
  </reporter-output>
  <suite started-at="2024-11-04T08:52:57 GST" name="GroceryApplication" finished-at="2024-11-04T08:53:29 GST" duration-ms="32723">
    <groups>
    </groups>
    <test started-at="2024-11-04T08:52:57 GST" name="chromeTest" finished-at="2024-11-04T08:53:29 GST" duration-ms="32723">
      <class name="testCases.LoginPageTest">
        <test-method is-config="true" signature="beforeMethod(java.lang.String)[pri:0, instance:testCases.LoginPageTest@34a3d150]" started-at="2024-11-04T08:52:58 GST" name="beforeMethod" finished-at="2024-11-04T08:53:09 GST" duration-ms="10620" status="PASS">
          <params>
            <param index="0">
              <value>
                <![CDATA[chrome]]>
              </value>
            </param>
          </params>
          <reporter-output>
          </reporter-output>
        </test-method> <!-- beforeMethod -->
        <test-method signature="verifyLoginWithCredentials()[pri:0, instance:testCases.LoginPageTest@34a3d150]" started-at="2024-11-04T08:53:09 GST" name="verifyLoginWithCredentials" finished-at="2024-11-04T08:53:16 GST" duration-ms="7072" status="PASS">
          <reporter-output>
          </reporter-output>
        </test-method> <!-- verifyLoginWithCredentials -->
        <test-method is-config="true" signature="afterMethode(org.testng.ITestResult)[pri:0, instance:testCases.LoginPageTest@34a3d150]" started-at="2024-11-04T08:53:16 GST" name="afterMethode" finished-at="2024-11-04T08:53:17 GST" duration-ms="1496" status="PASS">
          <params>
            <param index="0">
              <value>
                <![CDATA[[TestResult name=verifyLoginWithCredentials status=SUCCESS method=LoginPageTest.verifyLoginWithCredentials()[pri:0, instance:testCases.LoginPageTest@34a3d150] output={null}]]]>
              </value>
            </param>
          </params>
          <reporter-output>
          </reporter-output>
        </test-method> <!-- afterMethode -->
        <test-method is-config="true" signature="beforeMethod(java.lang.String)[pri:0, instance:testCases.LoginPageTest@34a3d150]" started-at="2024-11-04T08:53:17 GST" name="beforeMethod" finished-at="2024-11-04T08:53:27 GST" duration-ms="9545" status="PASS">
          <params>
            <param index="0">
              <value>
                <![CDATA[chrome]]>
              </value>
            </param>
          </params>
          <reporter-output>
          </reporter-output>
        </test-method> <!-- beforeMethod -->
        <test-method signature="verifyLoginWithInValidcredentials()[pri:0, instance:testCases.LoginPageTest@34a3d150]" started-at="2024-11-04T08:53:27 GST" name="verifyLoginWithInValidcredentials" finished-at="2024-11-04T08:53:29 GST" duration-ms="1789" status="PASS">
          <reporter-output>
          </reporter-output>
        </test-method> <!-- verifyLoginWithInValidcredentials -->
        <test-method is-config="true" signature="afterMethode(org.testng.ITestResult)[pri:0, instance:testCases.LoginPageTest@34a3d150]" started-at="2024-11-04T08:53:29 GST" name="afterMethode" finished-at="2024-11-04T08:53:29 GST" duration-ms="650" status="PASS">
          <params>
            <param index="0">
              <value>
                <![CDATA[[TestResult name=verifyLoginWithInValidcredentials status=SUCCESS method=LoginPageTest.verifyLoginWithInValidcredentials()[pri:0, instance:testCases.LoginPageTest@34a3d150] output={null}]]]>
              </value>
            </param>
          </params>
          <reporter-output>
          </reporter-output>
        </test-method> <!-- afterMethode -->
      </class> <!-- testCases.LoginPageTest -->
    </test> <!-- chromeTest -->
  </suite> <!-- GroceryApplication -->
</testng-results>
